Controller.CMonopolyGame::start::Fri Dec 27 22:21:44 EET 2019::Game is started.
spring.consumer.SquareConsumer::conductAction::Fri Dec 27 22:21:44 EET 2019::Before: Name: [DOG], Balance: [500], Turn: [1], Square: [REGULAR_SQUARE], Square Name: [Default]
spring.consumer.SquareConsumer::conductAction::Fri Dec 27 22:21:44 EET 2019::After: Name: [DOG], Balance: [500], Turn: [1]
spring.consumer.SquareConsumer::conductAction::Fri Dec 27 22:21:44 EET 2019::Before: Name: [TOP_HAT], Balance: [500], Turn: [1], Square: [LUCK_SQUARE], Square Name: [Default]
spring.consumer.SquareConsumer::conductAction::Fri Dec 27 22:21:44 EET 2019::After: Name: [TOP_HAT], Balance: [500], Turn: [1]
spring.consumer.SquareConsumer::conductAction::Fri Dec 27 22:21:45 EET 2019::Before: Name: [BOOT], Balance: [500], Turn: [1], Square: [PROPERTY_SQUARE], Square Name: [Amanzoe]
spring.consumer.SquareConsumer::conductAction::Fri Dec 27 22:21:45 EET 2019::After: Name: [BOOT], Balance: [500], Turn: [1]
spring.consumer.SquareConsumer::conductAction::Fri Dec 27 22:21:45 EET 2019::Before: Name: [CAT], Balance: [500], Turn: [1], Square: [PROPERTY_SQUARE], Square Name: [Ginza]
spring.consumer.SquareConsumer::conductAction::Fri Dec 27 22:21:45 EET 2019::After: Name: [CAT], Balance: [500], Turn: [1]
spring.consumer.SquareConsumer::conductAction::Fri Dec 27 22:21:45 EET 2019::Before: Name: [WHEELBARROW], Balance: [500], Turn: [1], Square: [PROPERTY_SQUARE], Square Name: [London Shell]
spring.consumer.SquareConsumer::conductAction::Fri Dec 27 22:21:45 EET 2019::After: Name: [WHEELBARROW], Balance: [500], Turn: [1]
spring.consumer.SquareConsumer::conductAction::Fri Dec 27 22:21:45 EET 2019::Before: Name: [RACING_CAR], Balance: [500], Turn: [1], Square: [REGULAR_SQUARE], Square Name: [Default]
spring.consumer.SquareConsumer::conductAction::Fri Dec 27 22:21:45 EET 2019::After: Name: [RACING_CAR], Balance: [500], Turn: [1]
spring.consumer.SquareConsumer::conductAction::Fri Dec 27 22:21:45 EET 2019::Before: Name: [BATTLESHIP], Balance: [500], Turn: [1], Square: [PROPERTY_SQUARE], Square Name: [London Shell]
spring.consumer.SquareConsumer::conductAction::Fri Dec 27 22:21:45 EET 2019::After: Name: [BATTLESHIP], Balance: [475], Turn: [1]
spring.consumer.SquareConsumer::conductAction::Fri Dec 27 22:21:45 EET 2019::Before: Name: [THIMBLE], Balance: [500], Turn: [1], Square: [REGULAR_SQUARE], Square Name: [Default]
spring.consumer.SquareConsumer::conductAction::Fri Dec 27 22:21:45 EET 2019::After: Name: [THIMBLE], Balance: [500], Turn: [1]
spring.consumer.SquareConsumer::conductAction::Fri Dec 27 22:21:45 EET 2019::Before: Name: [DOG], Balance: [500], Turn: [2], Square: [PROPERTY_SQUARE], Square Name: [London Shell]
spring.consumer.SquareConsumer::conductAction::Fri Dec 27 22:21:45 EET 2019::After: Name: [DOG], Balance: [475], Turn: [2]
spring.consumer.SquareConsumer::conductAction::Fri Dec 27 22:21:45 EET 2019::Before: Name: [TOP_HAT], Balance: [500], Turn: [2], Square: [PROPERTY_SQUARE], Square Name: [Hiba Street]
spring.consumer.SquareConsumer::conductAction::Fri Dec 27 22:21:45 EET 2019::After: Name: [TOP_HAT], Balance: [500], Turn: [2]
spring.consumer.SquareConsumer::conductAction::Fri Dec 27 22:21:45 EET 2019::Before: Name: [BOOT], Balance: [400], Turn: [2], Square: [PROPERTY_SQUARE], Square Name: [Southwark Cathedral]
spring.consumer.SquareConsumer::conductAction::Fri Dec 27 22:21:45 EET 2019::After: Name: [BOOT], Balance: [400], Turn: [2]
spring.consumer.SquareConsumer::conductAction::Fri Dec 27 22:21:45 EET 2019::Before: Name: [CAT], Balance: [400], Turn: [2], Square: [COMMUNITY_SQUARE], Square Name: [Default]
spring.consumer.SquareConsumer::conductAction::Fri Dec 27 22:21:45 EET 2019::After: Name: [CAT], Balance: [400], Turn: [2]
spring.consumer.SquareConsumer::conductAction::Fri Dec 27 22:21:45 EET 2019::Before: Name: [WHEELBARROW], Balance: [430], Turn: [2], Square: [COMMUNITY_SQUARE], Square Name: [Default]
spring.consumer.SquareConsumer::conductAction::Fri Dec 27 22:21:45 EET 2019::After: Name: [WHEELBARROW], Balance: [630], Turn: [2]
spring.consumer.SquareConsumer::conductAction::Fri Dec 27 22:21:45 EET 2019::Before: Name: [RACING_CAR], Balance: [500], Turn: [2], Square: [PROPERTY_SQUARE], Square Name: [Ginza]
spring.consumer.SquareConsumer::conductAction::Fri Dec 27 22:21:45 EET 2019::After: Name: [RACING_CAR], Balance: [485], Turn: [2]
spring.consumer.SquareConsumer::conductAction::Fri Dec 27 22:21:45 EET 2019::Before: Name: [BATTLESHIP], Balance: [475], Turn: [2], Square: [REGULAR_SQUARE], Square Name: [Default]
spring.consumer.SquareConsumer::conductAction::Fri Dec 27 22:21:45 EET 2019::After: Name: [BATTLESHIP], Balance: [475], Turn: [2]
spring.consumer.SquareConsumer::conductAction::Fri Dec 27 22:21:45 EET 2019::Before: Name: [THIMBLE], Balance: [500], Turn: [2], Square: [REGULAR_SQUARE], Square Name: [Default]
spring.consumer.SquareConsumer::conductAction::Fri Dec 27 22:21:45 EET 2019::After: Name: [THIMBLE], Balance: [500], Turn: [2]
spring.consumer.SquareConsumer::conductAction::Fri Dec 27 22:21:45 EET 2019::Before: Name: [DOG], Balance: [475], Turn: [3], Square: [REGULAR_SQUARE], Square Name: [Default]
spring.consumer.SquareConsumer::conductAction::Fri Dec 27 22:21:45 EET 2019::After: Name: [DOG], Balance: [475], Turn: [3]
spring.consumer.SquareConsumer::conductAction::Fri Dec 27 22:21:45 EET 2019::Before: Name: [TOP_HAT], Balance: [260], Turn: [3], Square: [PROPERTY_SQUARE], Square Name: [Dakota Bar]
spring.consumer.SquareConsumer::conductAction::Fri Dec 27 22:21:45 EET 2019::After: Name: [TOP_HAT], Balance: [260], Turn: [3]
spring.consumer.SquareConsumer::conductAction::Fri Dec 27 22:21:45 EET 2019::Before: Name: [BOOT], Balance: [260], Turn: [3], Square: [PROPERTY_SQUARE], Square Name: [Cafe de Provence]
spring.consumer.SquareConsumer::conductAction::Fri Dec 27 22:21:45 EET 2019::After: Name: [BOOT], Balance: [260], Turn: [3]
spring.consumer.SquareConsumer::conductAction::Fri Dec 27 22:21:45 EET 2019::Before: Name: [CAT], Balance: [415], Turn: [3], Square: [PROPERTY_SQUARE], Square Name: [Hiba Street]
spring.consumer.SquareConsumer::conductAction::Fri Dec 27 22:21:45 EET 2019::After: Name: [CAT], Balance: [330], Turn: [3]
spring.consumer.SquareConsumer::conductAction::Fri Dec 27 22:21:45 EET 2019::Before: Name: [WHEELBARROW], Balance: [630], Turn: [3], Square: [PROPERTY_SQUARE], Square Name: [Hiba Street]
spring.consumer.SquareConsumer::conductAction::Fri Dec 27 22:21:45 EET 2019::After: Name: [WHEELBARROW], Balance: [545], Turn: [3]
spring.consumer.SquareConsumer::conductAction::Fri Dec 27 22:21:45 EET 2019::Before: Name: [RACING_CAR], Balance: [485], Turn: [3], Square: [PROPERTY_SQUARE], Square Name: [Southwark Cathedral]
spring.consumer.SquareConsumer::conductAction::Fri Dec 27 22:21:45 EET 2019::After: Name: [RACING_CAR], Balance: [450], Turn: [3]
spring.consumer.SquareConsumer::conductAction::Fri Dec 27 22:21:45 EET 2019::Before: Name: [BATTLESHIP], Balance: [475], Turn: [3], Square: [REGULAR_SQUARE], Square Name: [Default]
spring.consumer.SquareConsumer::conductAction::Fri Dec 27 22:21:45 EET 2019::After: Name: [BATTLESHIP], Balance: [475], Turn: [3]
spring.consumer.SquareConsumer::conductAction::Fri Dec 27 22:21:45 EET 2019::Before: Name: [THIMBLE], Balance: [500], Turn: [3], Square: [LUCK_SQUARE], Square Name: [Default]
spring.consumer.SquareConsumer::conductAction::Fri Dec 27 22:21:45 EET 2019::After: Name: [THIMBLE], Balance: [500], Turn: [3]
spring.consumer.SquareConsumer::conductAction::Fri Dec 27 22:21:45 EET 2019::Before: Name: [DOG], Balance: [475], Turn: [4], Square: [COMMUNITY_SQUARE], Square Name: [Default]
spring.consumer.SquareConsumer::conductAction::Fri Dec 27 22:21:45 EET 2019::After: Name: [DOG], Balance: [475], Turn: [4]
spring.consumer.SquareConsumer::conductAction::Fri Dec 27 22:21:45 EET 2019::Before: Name: [BOOT], Balance: [75], Turn: [4], Square: [REGULAR_SQUARE], Square Name: [Default]
spring.consumer.SquareConsumer::conductAction::Fri Dec 27 22:21:45 EET 2019::After: Name: [BOOT], Balance: [75], Turn: [4]
spring.consumer.SquareConsumer::conductAction::Fri Dec 27 22:21:45 EET 2019::Before: Name: [CAT], Balance: [330], Turn: [4], Square: [PROPERTY_SQUARE], Square Name: [Dakota Bar]
spring.consumer.SquareConsumer::conductAction::Fri Dec 27 22:21:45 EET 2019::After: Name: [CAT], Balance: [330], Turn: [4]
spring.consumer.SquareConsumer::conductAction::Fri Dec 27 22:21:45 EET 2019::Before: Name: [WHEELBARROW], Balance: [545], Turn: [4], Square: [REGULAR_SQUARE], Square Name: [Default]
spring.consumer.SquareConsumer::conductAction::Fri Dec 27 22:21:45 EET 2019::After: Name: [WHEELBARROW], Balance: [545], Turn: [4]
spring.consumer.SquareConsumer::conductAction::Fri Dec 27 22:21:45 EET 2019::Before: Name: [RACING_CAR], Balance: [450], Turn: [4], Square: [REGULAR_SQUARE], Square Name: [Default]
spring.consumer.SquareConsumer::conductAction::Fri Dec 27 22:21:45 EET 2019::After: Name: [RACING_CAR], Balance: [450], Turn: [4]
spring.consumer.SquareConsumer::conductAction::Fri Dec 27 22:21:45 EET 2019::Before: Name: [BATTLESHIP], Balance: [475], Turn: [4], Square: [PROPERTY_SQUARE], Square Name: [Peninsula]
spring.consumer.SquareConsumer::conductAction::Fri Dec 27 22:21:45 EET 2019::After: Name: [BATTLESHIP], Balance: [475], Turn: [4]
spring.consumer.SquareConsumer::conductAction::Fri Dec 27 22:21:45 EET 2019::Before: Name: [THIMBLE], Balance: [500], Turn: [4], Square: [PROPERTY_SQUARE], Square Name: [Raison D'etre]
spring.consumer.SquareConsumer::conductAction::Fri Dec 27 22:21:45 EET 2019::After: Name: [THIMBLE], Balance: [500], Turn: [4]
spring.consumer.SquareConsumer::conductAction::Fri Dec 27 22:21:45 EET 2019::Before: Name: [DOG], Balance: [475], Turn: [5], Square: [COMMUNITY_SQUARE], Square Name: [Default]
spring.consumer.SquareConsumer::conductAction::Fri Dec 27 22:21:45 EET 2019::After: Name: [DOG], Balance: [495], Turn: [5]
spring.consumer.SquareConsumer::conductAction::Fri Dec 27 22:21:45 EET 2019::Before: Name: [TOP_HAT], Balance: [530], Turn: [5], Square: [PROPERTY_SQUARE], Square Name: [Southwark Cathedral]
spring.consumer.SquareConsumer::conductAction::Fri Dec 27 22:21:45 EET 2019::After: Name: [TOP_HAT], Balance: [495], Turn: [5]
spring.consumer.SquareConsumer::conductAction::Fri Dec 27 22:21:45 EET 2019::Before: Name: [BOOT], Balance: [110], Turn: [5], Square: [REGULAR_SQUARE], Square Name: [Default]
spring.consumer.SquareConsumer::conductAction::Fri Dec 27 22:21:45 EET 2019::After: Name: [BOOT], Balance: [110], Turn: [5]
spring.consumer.SquareConsumer::conductAction::Fri Dec 27 22:21:45 EET 2019::Before: Name: [CAT], Balance: [30], Turn: [5], Square: [REGULAR_SQUARE], Square Name: [Default]
spring.consumer.SquareConsumer::conductAction::Fri Dec 27 22:21:45 EET 2019::After: Name: [CAT], Balance: [30], Turn: [5]
spring.consumer.SquareConsumer::conductAction::Fri Dec 27 22:21:45 EET 2019::Before: Name: [WHEELBARROW], Balance: [645], Turn: [5], Square: [COMMUNITY_SQUARE], Square Name: [Default]
spring.consumer.SquareConsumer::conductAction::Fri Dec 27 22:21:45 EET 2019::After: Name: [WHEELBARROW], Balance: [645], Turn: [5]
spring.consumer.SquareConsumer::conductAction::Fri Dec 27 22:21:45 EET 2019::Before: Name: [RACING_CAR], Balance: [450], Turn: [5], Square: [PROPERTY_SQUARE], Square Name: [Amrutha Lounge]
spring.consumer.SquareConsumer::conductAction::Fri Dec 27 22:21:45 EET 2019::After: Name: [RACING_CAR], Balance: [450], Turn: [5]
spring.consumer.SquareConsumer::conductAction::Fri Dec 27 22:21:45 EET 2019::Before: Name: [BATTLESHIP], Balance: [175], Turn: [5], Square: [LUCK_SQUARE], Square Name: [Default]
spring.consumer.SquareConsumer::conductAction::Fri Dec 27 22:21:45 EET 2019::After: Name: [BATTLESHIP], Balance: [175], Turn: [5]
spring.consumer.SquareConsumer::conductAction::Fri Dec 27 22:21:45 EET 2019::Before: Name: [THIMBLE], Balance: [360], Turn: [5], Square: [PROPERTY_SQUARE], Square Name: [Dobar]
spring.consumer.SquareConsumer::conductAction::Fri Dec 27 22:21:45 EET 2019::After: Name: [THIMBLE], Balance: [360], Turn: [5]
spring.consumer.SquareConsumer::conductAction::Fri Dec 27 22:21:45 EET 2019::Before: Name: [DOG], Balance: [495], Turn: [6], Square: [REGULAR_SQUARE], Square Name: [Default]
spring.consumer.SquareConsumer::conductAction::Fri Dec 27 22:21:45 EET 2019::After: Name: [DOG], Balance: [495], Turn: [6]
spring.consumer.SquareConsumer::conductAction::Fri Dec 27 22:21:45 EET 2019::Before: Name: [TOP_HAT], Balance: [495], Turn: [6], Square: [PROPERTY_SQUARE], Square Name: [Cafe de Provence]
spring.consumer.SquareConsumer::conductAction::Fri Dec 27 22:21:45 EET 2019::After: Name: [TOP_HAT], Balance: [420], Turn: [6]
spring.consumer.SquareConsumer::conductAction::Fri Dec 27 22:21:45 EET 2019::Before: Name: [BOOT], Balance: [285], Turn: [6], Square: [PROPERTY_SQUARE], Square Name: [Abbey Road]
spring.consumer.SquareConsumer::conductAction::Fri Dec 27 22:21:45 EET 2019::After: Name: [BOOT], Balance: [285], Turn: [6]
spring.consumer.SquareConsumer::conductAction::Fri Dec 27 22:21:45 EET 2019::Before: Name: [CAT], Balance: [130], Turn: [6], Square: [COMMUNITY_SQUARE], Square Name: [Default]
spring.consumer.SquareConsumer::conductAction::Fri Dec 27 22:21:45 EET 2019::After: Name: [CAT], Balance: [130], Turn: [6]
spring.consumer.SquareConsumer::conductAction::Fri Dec 27 22:21:45 EET 2019::Before: Name: [WHEELBARROW], Balance: [645], Turn: [6], Square: [PROPERTY_SQUARE], Square Name: [London Shell]
spring.consumer.SquareConsumer::conductAction::Fri Dec 27 22:21:45 EET 2019::After: Name: [WHEELBARROW], Balance: [645], Turn: [6]
spring.consumer.SquareConsumer::conductAction::Fri Dec 27 22:21:45 EET 2019::Before: Name: [RACING_CAR], Balance: [190], Turn: [6], Square: [COMMUNITY_SQUARE], Square Name: [Default]
spring.consumer.SquareConsumer::conductAction::Fri Dec 27 22:21:45 EET 2019::After: Name: [RACING_CAR], Balance: [190], Turn: [6]
spring.consumer.SquareConsumer::conductAction::Fri Dec 27 22:21:45 EET 2019::Before: Name: [BATTLESHIP], Balance: [275], Turn: [6], Square: [REGULAR_SQUARE], Square Name: [Default]
spring.consumer.SquareConsumer::conductAction::Fri Dec 27 22:21:45 EET 2019::After: Name: [BATTLESHIP], Balance: [275], Turn: [6]
spring.consumer.SquareConsumer::conductAction::Fri Dec 27 22:21:45 EET 2019::Before: Name: [THIMBLE], Balance: [180], Turn: [6], Square: [PROPERTY_SQUARE], Square Name: [Sofitel]
spring.consumer.SquareConsumer::conductAction::Fri Dec 27 22:21:45 EET 2019::After: Name: [THIMBLE], Balance: [180], Turn: [6]
spring.consumer.SquareConsumer::conductAction::Fri Dec 27 22:21:45 EET 2019::Before: Name: [DOG], Balance: [495], Turn: [7], Square: [LUCK_SQUARE], Square Name: [Default]
spring.consumer.SquareConsumer::conductAction::Fri Dec 27 22:21:45 EET 2019::After: Name: [DOG], Balance: [495], Turn: [7]
spring.consumer.SquareConsumer::conductAction::Fri Dec 27 22:21:45 EET 2019::Before: Name: [TOP_HAT], Balance: [420], Turn: [7], Square: [REGULAR_SQUARE], Square Name: [Default]
spring.consumer.SquareConsumer::conductAction::Fri Dec 27 22:21:45 EET 2019::After: Name: [TOP_HAT], Balance: [420], Turn: [7]
spring.consumer.SquareConsumer::conductAction::Fri Dec 27 22:21:45 EET 2019::Before: Name: [BOOT], Balance: [225], Turn: [7], Square: [LUCK_SQUARE], Square Name: [Default]
spring.consumer.SquareConsumer::conductAction::Fri Dec 27 22:21:45 EET 2019::After: Name: [BOOT], Balance: [225], Turn: [7]
spring.consumer.SquareConsumer::conductAction::Fri Dec 27 22:21:45 EET 2019::Before: Name: [CAT], Balance: [130], Turn: [7], Square: [LUCK_SQUARE], Square Name: [Default]
spring.consumer.SquareConsumer::conductAction::Fri Dec 27 22:21:45 EET 2019::After: Name: [CAT], Balance: [280], Turn: [7]
spring.consumer.SquareConsumer::conductAction::Fri Dec 27 22:21:45 EET 2019::Before: Name: [WHEELBARROW], Balance: [-75], Turn: [7], Square: [PROPERTY_SQUARE], Square Name: [Embassy Suites]
spring.consumer.SquareConsumer::conductAction::Fri Dec 27 22:21:45 EET 2019::After: Name: [WHEELBARROW], Balance: [-75], Turn: [7]
spring.consumer.SquareConsumer::conductAction::Fri Dec 27 22:21:45 EET 2019::Before: Name: [RACING_CAR], Balance: [190], Turn: [7], Square: [TAX_SQUARE], Square Name: [Default]
spring.consumer.SquareConsumer::conductAction::Fri Dec 27 22:21:45 EET 2019::After: Name: [RACING_CAR], Balance: [-810], Turn: [7]
spring.consumer.SquareConsumer::conductAction::Fri Dec 27 22:21:45 EET 2019::Before: Name: [BATTLESHIP], Balance: [275], Turn: [7], Square: [PROPERTY_SQUARE], Square Name: [Lombard Street]
spring.consumer.SquareConsumer::conductAction::Fri Dec 27 22:21:45 EET 2019::After: Name: [BATTLESHIP], Balance: [275], Turn: [7]
spring.consumer.SquareConsumer::conductAction::Fri Dec 27 22:21:45 EET 2019::Before: Name: [THIMBLE], Balance: [180], Turn: [7], Square: [PROPERTY_SQUARE], Square Name: [Walk of Fame]
spring.consumer.SquareConsumer::conductAction::Fri Dec 27 22:21:45 EET 2019::After: Name: [THIMBLE], Balance: [180], Turn: [7]
spring.consumer.SquareConsumer::conductAction::Fri Dec 27 22:21:45 EET 2019::Before: Name: [DOG], Balance: [595], Turn: [8], Square: [PROPERTY_SQUARE], Square Name: [Abbey Road]
spring.consumer.SquareConsumer::conductAction::Fri Dec 27 22:21:45 EET 2019::After: Name: [DOG], Balance: [590], Turn: [8]
spring.consumer.SquareConsumer::conductAction::Fri Dec 27 22:21:45 EET 2019::Before: Name: [TOP_HAT], Balance: [420], Turn: [8], Square: [PROPERTY_SQUARE], Square Name: [Dakota Bar]
spring.consumer.SquareConsumer::conductAction::Fri Dec 27 22:21:45 EET 2019::After: Name: [TOP_HAT], Balance: [305], Turn: [8]
spring.consumer.SquareConsumer::conductAction::Fri Dec 27 22:21:45 EET 2019::Before: Name: [BOOT], Balance: [230], Turn: [8], Square: [PROPERTY_SQUARE], Square Name: [Champs-Élysées]
spring.consumer.SquareConsumer::conductAction::Fri Dec 27 22:21:45 EET 2019::After: Name: [BOOT], Balance: [230], Turn: [8]
spring.consumer.SquareConsumer::conductAction::Fri Dec 27 22:21:45 EET 2019::Before: Name: [CAT], Balance: [395], Turn: [8], Square: [PROPERTY_SQUARE], Square Name: [Lombard Street]
spring.consumer.SquareConsumer::conductAction::Fri Dec 27 22:21:45 EET 2019::After: Name: [CAT], Balance: [350], Turn: [8]
spring.consumer.SquareConsumer::conductAction::Fri Dec 27 22:21:45 EET 2019::Before: Name: [WHEELBARROW], Balance: [105], Turn: [8], Square: [PROPERTY_SQUARE], Square Name: [Cafe de Provence]
spring.consumer.SquareConsumer::conductAction::Fri Dec 27 22:21:45 EET 2019::After: Name: [WHEELBARROW], Balance: [30], Turn: [8]
spring.consumer.SquareConsumer::conductAction::Fri Dec 27 22:21:45 EET 2019::Before: Name: [BATTLESHIP], Balance: [160], Turn: [8], Square: [COMMUNITY_SQUARE], Square Name: [Default]
spring.consumer.SquareConsumer::conductAction::Fri Dec 27 22:21:45 EET 2019::After: Name: [BATTLESHIP], Balance: [180], Turn: [8]
spring.consumer.SquareConsumer::conductAction::Fri Dec 27 22:21:45 EET 2019::Before: Name: [THIMBLE], Balance: [280], Turn: [8], Square: [PROPERTY_SQUARE], Square Name: [Abbey Road]
spring.consumer.SquareConsumer::conductAction::Fri Dec 27 22:21:45 EET 2019::After: Name: [THIMBLE], Balance: [275], Turn: [8]
spring.consumer.SquareConsumer::conductAction::Fri Dec 27 22:21:45 EET 2019::Before: Name: [DOG], Balance: [590], Turn: [9], Square: [PROPERTY_SQUARE], Square Name: [Amanzoe]
spring.consumer.SquareConsumer::conductAction::Fri Dec 27 22:21:45 EET 2019::After: Name: [DOG], Balance: [575], Turn: [9]
spring.consumer.SquareConsumer::conductAction::Fri Dec 27 22:21:45 EET 2019::Before: Name: [TOP_HAT], Balance: [405], Turn: [9], Square: [PROPERTY_SQUARE], Square Name: [Kennington Lane Cafe]
spring.consumer.SquareConsumer::conductAction::Fri Dec 27 22:21:45 EET 2019::After: Name: [TOP_HAT], Balance: [405], Turn: [9]
spring.consumer.SquareConsumer::conductAction::Fri Dec 27 22:21:45 EET 2019::Before: Name: [BOOT], Balance: [105], Turn: [9], Square: [PROPERTY_SQUARE], Square Name: [Sofitel]
spring.consumer.SquareConsumer::conductAction::Fri Dec 27 22:21:45 EET 2019::After: Name: [BOOT], Balance: [105], Turn: [9]
spring.consumer.SquareConsumer::conductAction::Fri Dec 27 22:21:45 EET 2019::Before: Name: [CAT], Balance: [350], Turn: [9], Square: [PROPERTY_SQUARE], Square Name: [Dobar]
spring.consumer.SquareConsumer::conductAction::Fri Dec 27 22:21:45 EET 2019::After: Name: [CAT], Balance: [295], Turn: [9]
spring.consumer.SquareConsumer::conductAction::Fri Dec 27 22:21:45 EET 2019::Before: Name: [WHEELBARROW], Balance: [30], Turn: [9], Square: [JAIL_SQUARE], Square Name: [Default]
spring.consumer.SquareConsumer::conductAction::Fri Dec 27 22:21:45 EET 2019::After: Name: [WHEELBARROW], Balance: [30], Turn: [9]
spring.consumer.SquareConsumer::conductAction::Fri Dec 27 22:21:45 EET 2019::Before: Name: [BATTLESHIP], Balance: [180], Turn: [9], Square: [REGULAR_SQUARE], Square Name: [Default]
spring.consumer.SquareConsumer::conductAction::Fri Dec 27 22:21:45 EET 2019::After: Name: [BATTLESHIP], Balance: [180], Turn: [9]
spring.consumer.SquareConsumer::conductAction::Fri Dec 27 22:21:45 EET 2019::Before: Name: [THIMBLE], Balance: [330], Turn: [9], Square: [PROPERTY_SQUARE], Square Name: [Ginza]
spring.consumer.SquareConsumer::conductAction::Fri Dec 27 22:21:45 EET 2019::After: Name: [THIMBLE], Balance: [315], Turn: [9]
spring.consumer.SquareConsumer::conductAction::Fri Dec 27 22:21:45 EET 2019::Before: Name: [DOG], Balance: [575], Turn: [10], Square: [REGULAR_SQUARE], Square Name: [Default]
spring.consumer.SquareConsumer::conductAction::Fri Dec 27 22:21:45 EET 2019::After: Name: [DOG], Balance: [575], Turn: [10]
spring.consumer.SquareConsumer::conductAction::Fri Dec 27 22:21:45 EET 2019::Before: Name: [TOP_HAT], Balance: [345], Turn: [10], Square: [PROPERTY_SQUARE], Square Name: [Ginza]
spring.consumer.SquareConsumer::conductAction::Fri Dec 27 22:21:45 EET 2019::After: Name: [TOP_HAT], Balance: [330], Turn: [10]
spring.consumer.SquareConsumer::conductAction::Fri Dec 27 22:21:45 EET 2019::Before: Name: [BOOT], Balance: [105], Turn: [10], Square: [REGULAR_SQUARE], Square Name: [Default]
spring.consumer.SquareConsumer::conductAction::Fri Dec 27 22:21:45 EET 2019::After: Name: [BOOT], Balance: [105], Turn: [10]
spring.consumer.SquareConsumer::conductAction::Fri Dec 27 22:21:45 EET 2019::Before: Name: [CAT], Balance: [325], Turn: [10], Square: [REGULAR_SQUARE], Square Name: [Default]
spring.consumer.SquareConsumer::conductAction::Fri Dec 27 22:21:45 EET 2019::After: Name: [CAT], Balance: [325], Turn: [10]
spring.consumer.SquareConsumer::conductAction::Fri Dec 27 22:21:45 EET 2019::Before: Name: [BATTLESHIP], Balance: [180], Turn: [10], Square: [PROPERTY_SQUARE], Square Name: [Peninsula]
spring.consumer.SquareConsumer::conductAction::Fri Dec 27 22:21:45 EET 2019::After: Name: [BATTLESHIP], Balance: [180], Turn: [10]
spring.consumer.SquareConsumer::conductAction::Fri Dec 27 22:21:45 EET 2019::Before: Name: [THIMBLE], Balance: [315], Turn: [10], Square: [PROPERTY_SQUARE], Square Name: [Lombard Street]
spring.consumer.SquareConsumer::conductAction::Fri Dec 27 22:21:45 EET 2019::After: Name: [THIMBLE], Balance: [270], Turn: [10]
spring.consumer.SquareConsumer::conductAction::Fri Dec 27 22:21:45 EET 2019::Before: Name: [DOG], Balance: [575], Turn: [11], Square: [PROPERTY_SQUARE], Square Name: [Dobar]
spring.consumer.SquareConsumer::conductAction::Fri Dec 27 22:21:45 EET 2019::After: Name: [DOG], Balance: [520], Turn: [11]
spring.consumer.SquareConsumer::conductAction::Fri Dec 27 22:21:45 EET 2019::Before: Name: [TOP_HAT], Balance: [330], Turn: [11], Square: [REGULAR_SQUARE], Square Name: [Default]
spring.consumer.SquareConsumer::conductAction::Fri Dec 27 22:21:45 EET 2019::After: Name: [TOP_HAT], Balance: [330], Turn: [11]
spring.consumer.SquareConsumer::conductAction::Fri Dec 27 22:21:45 EET 2019::Before: Name: [BOOT], Balance: [205], Turn: [11], Square: [PROPERTY_SQUARE], Square Name: [Abbey Road]
spring.consumer.SquareConsumer::conductAction::Fri Dec 27 22:21:45 EET 2019::After: Name: [BOOT], Balance: [205], Turn: [11]
spring.consumer.SquareConsumer::conductAction::Fri Dec 27 22:21:45 EET 2019::Before: Name: [CAT], Balance: [325], Turn: [11], Square: [PROPERTY_SQUARE], Square Name: [Dakota Bar]
spring.consumer.SquareConsumer::conductAction::Fri Dec 27 22:21:45 EET 2019::After: Name: [CAT], Balance: [325], Turn: [11]
spring.consumer.SquareConsumer::conductAction::Fri Dec 27 22:21:45 EET 2019::Before: Name: [WHEELBARROW], Balance: [130], Turn: [10], Square: [PROPERTY_SQUARE], Square Name: [Kennington Lane Cafe]
spring.consumer.SquareConsumer::conductAction::Fri Dec 27 22:21:45 EET 2019::After: Name: [WHEELBARROW], Balance: [125], Turn: [10]
spring.consumer.SquareConsumer::conductAction::Fri Dec 27 22:21:45 EET 2019::Before: Name: [BATTLESHIP], Balance: [225], Turn: [11], Square: [PROPERTY_SQUARE], Square Name: [Birmingham Palace]
spring.consumer.SquareConsumer::conductAction::Fri Dec 27 22:21:45 EET 2019::After: Name: [BATTLESHIP], Balance: [225], Turn: [11]
spring.consumer.SquareConsumer::conductAction::Fri Dec 27 22:21:45 EET 2019::Before: Name: [THIMBLE], Balance: [325], Turn: [11], Square: [PROPERTY_SQUARE], Square Name: [Champs-Élysées]
spring.consumer.SquareConsumer::conductAction::Fri Dec 27 22:21:45 EET 2019::After: Name: [THIMBLE], Balance: [250], Turn: [11]
spring.consumer.SquareConsumer::conductAction::Fri Dec 27 22:21:45 EET 2019::Before: Name: [DOG], Balance: [520], Turn: [12], Square: [PROPERTY_SQUARE], Square Name: [Champs-Élysées]
spring.consumer.SquareConsumer::conductAction::Fri Dec 27 22:21:45 EET 2019::After: Name: [DOG], Balance: [445], Turn: [12]
spring.consumer.SquareConsumer::conductAction::Fri Dec 27 22:21:45 EET 2019::Before: Name: [TOP_HAT], Balance: [335], Turn: [12], Square: [PROPERTY_SQUARE], Square Name: [Fairmont]
spring.consumer.SquareConsumer::conductAction::Fri Dec 27 22:21:45 EET 2019::After: Name: [TOP_HAT], Balance: [335], Turn: [12]
spring.consumer.SquareConsumer::conductAction::Fri Dec 27 22:21:45 EET 2019::Before: Name: [BOOT], Balance: [-5], Turn: [12], Square: [PROPERTY_SQUARE], Square Name: [London Shell]
spring.consumer.SquareConsumer::conductAction::Fri Dec 27 22:21:45 EET 2019::After: Name: [BOOT], Balance: [-5], Turn: [12]
spring.consumer.SquareConsumer::conductAction::Fri Dec 27 22:21:45 EET 2019::Before: Name: [CAT], Balance: [325], Turn: [12], Square: [REGULAR_SQUARE], Square Name: [Default]
spring.consumer.SquareConsumer::conductAction::Fri Dec 27 22:21:45 EET 2019::After: Name: [CAT], Balance: [325], Turn: [12]
spring.consumer.SquareConsumer::conductAction::Fri Dec 27 22:21:45 EET 2019::Before: Name: [WHEELBARROW], Balance: [125], Turn: [11], Square: [LUCK_SQUARE], Square Name: [Default]
spring.consumer.SquareConsumer::conductAction::Fri Dec 27 22:21:45 EET 2019::After: Name: [WHEELBARROW], Balance: [125], Turn: [11]
spring.consumer.SquareConsumer::conductAction::Fri Dec 27 22:21:45 EET 2019::Before: Name: [BATTLESHIP], Balance: [325], Turn: [12], Square: [TAX_SQUARE], Square Name: [Default]
spring.consumer.SquareConsumer::conductAction::Fri Dec 27 22:21:45 EET 2019::After: Name: [BATTLESHIP], Balance: [-675], Turn: [12]
spring.consumer.SquareConsumer::conductAction::Fri Dec 27 22:21:45 EET 2019::Before: Name: [THIMBLE], Balance: [250], Turn: [12], Square: [PROPERTY_SQUARE], Square Name: [Dakota Bar]
spring.consumer.SquareConsumer::conductAction::Fri Dec 27 22:21:45 EET 2019::After: Name: [THIMBLE], Balance: [135], Turn: [12]
spring.consumer.SquareConsumer::conductAction::Fri Dec 27 22:21:45 EET 2019::Before: Name: [DOG], Balance: [445], Turn: [13], Square: [PROPERTY_SQUARE], Square Name: [Amrutha Lounge]
spring.consumer.SquareConsumer::conductAction::Fri Dec 27 22:21:45 EET 2019::After: Name: [DOG], Balance: [445], Turn: [13]
spring.consumer.SquareConsumer::conductAction::Fri Dec 27 22:21:45 EET 2019::Before: Name: [TOP_HAT], Balance: [135], Turn: [13], Square: [PROPERTY_SQUARE], Square Name: [Fifth Avenue]
spring.consumer.SquareConsumer::conductAction::Fri Dec 27 22:21:45 EET 2019::After: Name: [TOP_HAT], Balance: [135], Turn: [13]
spring.consumer.SquareConsumer::conductAction::Fri Dec 27 22:21:45 EET 2019::Before: Name: [BOOT], Balance: [95], Turn: [13], Square: [PROPERTY_SQUARE], Square Name: [Dobar]
spring.consumer.SquareConsumer::conductAction::Fri Dec 27 22:21:45 EET 2019::After: Name: [BOOT], Balance: [40], Turn: [13]
spring.consumer.SquareConsumer::conductAction::Fri Dec 27 22:21:45 EET 2019::Before: Name: [CAT], Balance: [540], Turn: [13], Square: [PROPERTY_SQUARE], Square Name: [Amanzoe]
spring.consumer.SquareConsumer::conductAction::Fri Dec 27 22:21:45 EET 2019::After: Name: [CAT], Balance: [525], Turn: [13]
spring.consumer.SquareConsumer::conductAction::Fri Dec 27 22:21:45 EET 2019::Before: Name: [WHEELBARROW], Balance: [125], Turn: [12], Square: [REGULAR_SQUARE], Square Name: [Default]
spring.consumer.SquareConsumer::conductAction::Fri Dec 27 22:21:45 EET 2019::After: Name: [WHEELBARROW], Balance: [125], Turn: [12]
spring.consumer.SquareConsumer::conductAction::Fri Dec 27 22:21:45 EET 2019::Before: Name: [THIMBLE], Balance: [190], Turn: [13], Square: [PROPERTY_SQUARE], Square Name: [Birmingham Palace]
spring.consumer.SquareConsumer::conductAction::Fri Dec 27 22:21:45 EET 2019::After: Name: [THIMBLE], Balance: [190], Turn: [13]
spring.consumer.SquareConsumer::conductAction::Fri Dec 27 22:21:45 EET 2019::Before: Name: [DOG], Balance: [185], Turn: [14], Square: [PROPERTY_SQUARE], Square Name: [Peninsula]
spring.consumer.SquareConsumer::conductAction::Fri Dec 27 22:21:45 EET 2019::After: Name: [DOG], Balance: [185], Turn: [14]
spring.consumer.SquareConsumer::conductAction::Fri Dec 27 22:21:45 EET 2019::Before: Name: [TOP_HAT], Balance: [135], Turn: [14], Square: [TAX_SQUARE], Square Name: [Default]
spring.consumer.SquareConsumer::conductAction::Fri Dec 27 22:21:45 EET 2019::After: Name: [TOP_HAT], Balance: [-865], Turn: [14]
spring.consumer.SquareConsumer::conductAction::Fri Dec 27 22:21:45 EET 2019::Before: Name: [BOOT], Balance: [55], Turn: [14], Square: [REGULAR_SQUARE], Square Name: [Default]
spring.consumer.SquareConsumer::conductAction::Fri Dec 27 22:21:45 EET 2019::After: Name: [BOOT], Balance: [55], Turn: [14]
spring.consumer.SquareConsumer::conductAction::Fri Dec 27 22:21:45 EET 2019::Before: Name: [CAT], Balance: [525], Turn: [14], Square: [REGULAR_SQUARE], Square Name: [Default]
spring.consumer.SquareConsumer::conductAction::Fri Dec 27 22:21:45 EET 2019::After: Name: [CAT], Balance: [525], Turn: [14]
spring.consumer.SquareConsumer::conductAction::Fri Dec 27 22:21:45 EET 2019::Before: Name: [WHEELBARROW], Balance: [125], Turn: [13], Square: [PROPERTY_SQUARE], Square Name: [Fairmont]
spring.consumer.SquareConsumer::conductAction::Fri Dec 27 22:21:45 EET 2019::After: Name: [WHEELBARROW], Balance: [125], Turn: [13]
spring.consumer.SquareConsumer::conductAction::Fri Dec 27 22:21:45 EET 2019::Before: Name: [THIMBLE], Balance: [290], Turn: [14], Square: [TAX_SQUARE], Square Name: [Default]
spring.consumer.SquareConsumer::conductAction::Fri Dec 27 22:21:45 EET 2019::After: Name: [THIMBLE], Balance: [-710], Turn: [14]
spring.consumer.SquareConsumer::conductAction::Fri Dec 27 22:21:45 EET 2019::Before: Name: [DOG], Balance: [185], Turn: [15], Square: [PROPERTY_SQUARE], Square Name: [Birmingham Palace]
spring.consumer.SquareConsumer::conductAction::Fri Dec 27 22:21:45 EET 2019::After: Name: [DOG], Balance: [185], Turn: [15]
spring.consumer.SquareConsumer::conductAction::Fri Dec 27 22:21:45 EET 2019::Before: Name: [BOOT], Balance: [55], Turn: [15], Square: [PROPERTY_SQUARE], Square Name: [Dakota Bar]
spring.consumer.SquareConsumer::conductAction::Fri Dec 27 22:21:45 EET 2019::After: Name: [BOOT], Balance: [-60], Turn: [15]
spring.consumer.SquareConsumer::conductAction::Fri Dec 27 22:21:45 EET 2019::Before: Name: [CAT], Balance: [640], Turn: [15], Square: [PROPERTY_SQUARE], Square Name: [Amrutha Lounge]
spring.consumer.SquareConsumer::conductAction::Fri Dec 27 22:21:45 EET 2019::After: Name: [CAT], Balance: [545], Turn: [15]
spring.consumer.SquareConsumer::conductAction::Fri Dec 27 22:21:45 EET 2019::Before: Name: [WHEELBARROW], Balance: [125], Turn: [14], Square: [PROPERTY_SQUARE], Square Name: [Sofitel]
spring.consumer.SquareConsumer::conductAction::Fri Dec 27 22:21:45 EET 2019::After: Name: [WHEELBARROW], Balance: [125], Turn: [14]
spring.consumer.SquareConsumer::conductAction::Fri Dec 27 22:21:45 EET 2019::Before: Name: [DOG], Balance: [380], Turn: [16], Square: [PROPERTY_SQUARE], Square Name: [London Shell]
spring.consumer.SquareConsumer::conductAction::Fri Dec 27 22:21:45 EET 2019::After: Name: [DOG], Balance: [355], Turn: [16]
spring.consumer.SquareConsumer::conductAction::Fri Dec 27 22:21:45 EET 2019::Before: Name: [BOOT], Balance: [185], Turn: [16], Square: [TAX_SQUARE], Square Name: [Default]
spring.consumer.SquareConsumer::conductAction::Fri Dec 27 22:21:45 EET 2019::After: Name: [BOOT], Balance: [-815], Turn: [16]
spring.consumer.SquareConsumer::conductAction::Fri Dec 27 22:21:45 EET 2019::Before: Name: [CAT], Balance: [545], Turn: [16], Square: [REGULAR_SQUARE], Square Name: [Default]
spring.consumer.SquareConsumer::conductAction::Fri Dec 27 22:21:45 EET 2019::After: Name: [CAT], Balance: [545], Turn: [16]
spring.consumer.SquareConsumer::conductAction::Fri Dec 27 22:21:45 EET 2019::Before: Name: [WHEELBARROW], Balance: [125], Turn: [15], Square: [LUCK_SQUARE], Square Name: [Default]
spring.consumer.SquareConsumer::conductAction::Fri Dec 27 22:21:45 EET 2019::After: Name: [WHEELBARROW], Balance: [225], Turn: [15]
spring.consumer.SquareConsumer::conductAction::Fri Dec 27 22:21:45 EET 2019::Before: Name: [DOG], Balance: [355], Turn: [17], Square: [PROPERTY_SQUARE], Square Name: [Lombard Street]
spring.consumer.SquareConsumer::conductAction::Fri Dec 27 22:21:45 EET 2019::After: Name: [DOG], Balance: [355], Turn: [17]
spring.consumer.SquareConsumer::conductAction::Fri Dec 27 22:21:45 EET 2019::Before: Name: [BOOT], Balance: [165], Turn: [17], Square: [LUCK_SQUARE], Square Name: [Default]
spring.consumer.SquareConsumer::conductAction::Fri Dec 27 22:21:45 EET 2019::After: Name: [BOOT], Balance: [165], Turn: [17]
spring.consumer.SquareConsumer::conductAction::Fri Dec 27 22:21:45 EET 2019::Before: Name: [CAT], Balance: [545], Turn: [17], Square: [TAX_SQUARE], Square Name: [Default]
spring.consumer.SquareConsumer::conductAction::Fri Dec 27 22:21:45 EET 2019::After: Name: [CAT], Balance: [-455], Turn: [17]
spring.consumer.SquareConsumer::conductAction::Fri Dec 27 22:21:45 EET 2019::Before: Name: [WHEELBARROW], Balance: [325], Turn: [16], Square: [JAIL_SQUARE], Square Name: [Default]
spring.consumer.SquareConsumer::conductAction::Fri Dec 27 22:21:45 EET 2019::After: Name: [WHEELBARROW], Balance: [325], Turn: [16]
spring.consumer.SquareConsumer::conductAction::Fri Dec 27 22:21:46 EET 2019::Before: Name: [DOG], Balance: [195], Turn: [18], Square: [LUCK_SQUARE], Square Name: [Default]
spring.consumer.SquareConsumer::conductAction::Fri Dec 27 22:21:46 EET 2019::After: Name: [DOG], Balance: [195], Turn: [18]
spring.consumer.SquareConsumer::conductAction::Fri Dec 27 22:21:46 EET 2019::Before: Name: [BOOT], Balance: [165], Turn: [18], Square: [PROPERTY_SQUARE], Square Name: [Cafe de Provence]
spring.consumer.SquareConsumer::conductAction::Fri Dec 27 22:21:46 EET 2019::After: Name: [BOOT], Balance: [165], Turn: [18]
spring.consumer.SquareConsumer::conductAction::Fri Dec 27 22:21:46 EET 2019::Before: Name: [DOG], Balance: [195], Turn: [19], Square: [PROPERTY_SQUARE], Square Name: [Sofitel]
spring.consumer.SquareConsumer::conductAction::Fri Dec 27 22:21:46 EET 2019::After: Name: [DOG], Balance: [195], Turn: [19]
spring.consumer.SquareConsumer::conductAction::Fri Dec 27 22:21:46 EET 2019::Before: Name: [BOOT], Balance: [165], Turn: [19], Square: [REGULAR_SQUARE], Square Name: [Default]
spring.consumer.SquareConsumer::conductAction::Fri Dec 27 22:21:46 EET 2019::After: Name: [BOOT], Balance: [165], Turn: [19]
spring.consumer.SquareConsumer::conductAction::Fri Dec 27 22:21:46 EET 2019::Before: Name: [DOG], Balance: [195], Turn: [20], Square: [PROPERTY_SQUARE], Square Name: [Walk of Fame]
spring.consumer.SquareConsumer::conductAction::Fri Dec 27 22:21:46 EET 2019::After: Name: [DOG], Balance: [195], Turn: [20]
spring.consumer.SquareConsumer::conductAction::Fri Dec 27 22:21:46 EET 2019::Before: Name: [BOOT], Balance: [165], Turn: [20], Square: [TAX_SQUARE], Square Name: [Default]
spring.consumer.SquareConsumer::conductAction::Fri Dec 27 22:21:46 EET 2019::After: Name: [BOOT], Balance: [-835], Turn: [20]
spring.consumer.SquareConsumer::conductAction::Fri Dec 27 22:21:46 EET 2019::Before: Name: [WHEELBARROW], Balance: [325], Turn: [17], Square: [PROPERTY_SQUARE], Square Name: [Lombard Street]
spring.consumer.SquareConsumer::conductAction::Fri Dec 27 22:21:46 EET 2019::After: Name: [WHEELBARROW], Balance: [280], Turn: [17]
spring.consumer.SquareConsumer::conductAction::Fri Dec 27 22:21:46 EET 2019::Before: Name: [DOG], Balance: [340], Turn: [21], Square: [TAX_SQUARE], Square Name: [Default]
spring.consumer.SquareConsumer::conductAction::Fri Dec 27 22:21:46 EET 2019::After: Name: [DOG], Balance: [-660], Turn: [21]
spring.consumer.SquareConsumer::conductAction::Fri Dec 27 22:21:46 EET 2019::Before: Name: [WHEELBARROW], Balance: [280], Turn: [18], Square: [REGULAR_SQUARE], Square Name: [Default]
spring.consumer.SquareConsumer::conductAction::Fri Dec 27 22:21:46 EET 2019::After: Name: [WHEELBARROW], Balance: [280], Turn: [18]
BL.BMonopolyGame::listen::Fri Dec 27 22:21:46 EET 2019::Game is finished.
BL.BMonopolyGame::listen::Fri Dec 27 22:21:46 EET 2019::Winner: [WHEELBARROW]
Controller.CMonopolyGame::start::Fri Dec 27 22:33:24 EET 2019::Game is started.
spring.consumer.SquareConsumer::conductAction::Fri Dec 27 22:33:25 EET 2019::Before: Name: [DOG], Balance: [500], Turn: [1], Square: [TAX_SQUARE], Square Name: [Default]
spring.consumer.SquareConsumer::conductAction::Fri Dec 27 22:33:25 EET 2019::After: Name: [DOG], Balance: [-500], Turn: [1]
BL.BMonopolyGame::startTurn::Fri Dec 27 22:33:25 EET 2019::Player: BL.BPlayer@21be3395 is eliminated Round Value: 1
spring.consumer.SquareConsumer::conductAction::Fri Dec 27 22:33:25 EET 2019::Before: Name: [TOP_HAT], Balance: [500], Turn: [1], Square: [PROPERTY_SQUARE], Square Name: [Amanzoe]
spring.consumer.SquareConsumer::conductAction::Fri Dec 27 22:33:25 EET 2019::After: Name: [TOP_HAT], Balance: [500], Turn: [1]
spring.consumer.SquareConsumer::conductAction::Fri Dec 27 22:33:25 EET 2019::Before: Name: [BOOT], Balance: [500], Turn: [1], Square: [REGULAR_SQUARE], Square Name: [Default]
spring.consumer.SquareConsumer::conductAction::Fri Dec 27 22:33:25 EET 2019::After: Name: [BOOT], Balance: [500], Turn: [1]
spring.consumer.SquareConsumer::conductAction::Fri Dec 27 22:33:25 EET 2019::Before: Name: [CAT], Balance: [500], Turn: [1], Square: [REGULAR_SQUARE], Square Name: [Default]
spring.consumer.SquareConsumer::conductAction::Fri Dec 27 22:33:25 EET 2019::After: Name: [CAT], Balance: [500], Turn: [1]
spring.consumer.SquareConsumer::conductAction::Fri Dec 27 22:33:25 EET 2019::Before: Name: [WHEELBARROW], Balance: [500], Turn: [1], Square: [REGULAR_SQUARE], Square Name: [Default]
spring.consumer.SquareConsumer::conductAction::Fri Dec 27 22:33:25 EET 2019::After: Name: [WHEELBARROW], Balance: [500], Turn: [1]
spring.consumer.SquareConsumer::conductAction::Fri Dec 27 22:33:25 EET 2019::Before: Name: [RACING_CAR], Balance: [500], Turn: [1], Square: [PROPERTY_SQUARE], Square Name: [Amanzoe]
spring.consumer.SquareConsumer::conductAction::Fri Dec 27 22:33:25 EET 2019::After: Name: [RACING_CAR], Balance: [485], Turn: [1]
spring.consumer.SquareConsumer::conductAction::Fri Dec 27 22:33:25 EET 2019::Before: Name: [BATTLESHIP], Balance: [500], Turn: [1], Square: [TAX_SQUARE], Square Name: [Default]
spring.consumer.SquareConsumer::conductAction::Fri Dec 27 22:33:25 EET 2019::After: Name: [BATTLESHIP], Balance: [-500], Turn: [1]
BL.BMonopolyGame::startTurn::Fri Dec 27 22:33:25 EET 2019::Player: BL.BPlayer@56dc1551 is eliminated Round Value: 1
spring.consumer.SquareConsumer::conductAction::Fri Dec 27 22:33:25 EET 2019::Before: Name: [THIMBLE], Balance: [500], Turn: [1], Square: [PROPERTY_SQUARE], Square Name: [Abbey Road]
spring.consumer.SquareConsumer::conductAction::Fri Dec 27 22:33:25 EET 2019::After: Name: [THIMBLE], Balance: [500], Turn: [1]
spring.consumer.SquareConsumer::conductAction::Fri Dec 27 22:33:25 EET 2019::Before: Name: [TOP_HAT], Balance: [415], Turn: [2], Square: [PROPERTY_SQUARE], Square Name: [Raison D'etre]
spring.consumer.SquareConsumer::conductAction::Fri Dec 27 22:33:25 EET 2019::After: Name: [TOP_HAT], Balance: [415], Turn: [2]
spring.consumer.SquareConsumer::conductAction::Fri Dec 27 22:33:25 EET 2019::Before: Name: [BOOT], Balance: [500], Turn: [2], Square: [PROPERTY_SQUARE], Square Name: [Lombard Street]
spring.consumer.SquareConsumer::conductAction::Fri Dec 27 22:33:25 EET 2019::After: Name: [BOOT], Balance: [500], Turn: [2]
spring.consumer.SquareConsumer::conductAction::Fri Dec 27 22:33:25 EET 2019::Before: Name: [CAT], Balance: [500], Turn: [2], Square: [REGULAR_SQUARE], Square Name: [Default]
spring.consumer.SquareConsumer::conductAction::Fri Dec 27 22:33:25 EET 2019::After: Name: [CAT], Balance: [500], Turn: [2]
spring.consumer.SquareConsumer::conductAction::Fri Dec 27 22:33:25 EET 2019::Before: Name: [WHEELBARROW], Balance: [500], Turn: [2], Square: [PROPERTY_SQUARE], Square Name: [Embassy Suites]
spring.consumer.SquareConsumer::conductAction::Fri Dec 27 22:33:25 EET 2019::After: Name: [WHEELBARROW], Balance: [500], Turn: [2]
spring.consumer.SquareConsumer::conductAction::Fri Dec 27 22:33:25 EET 2019::Before: Name: [RACING_CAR], Balance: [485], Turn: [2], Square: [PROPERTY_SQUARE], Square Name: [Raison D'etre]
spring.consumer.SquareConsumer::conductAction::Fri Dec 27 22:33:25 EET 2019::After: Name: [RACING_CAR], Balance: [450], Turn: [2]
spring.consumer.SquareConsumer::conductAction::Fri Dec 27 22:33:25 EET 2019::Before: Name: [THIMBLE], Balance: [440], Turn: [2], Square: [PROPERTY_SQUARE], Square Name: [Raison D'etre]
spring.consumer.SquareConsumer::conductAction::Fri Dec 27 22:33:25 EET 2019::After: Name: [THIMBLE], Balance: [405], Turn: [2]
spring.consumer.SquareConsumer::conductAction::Fri Dec 27 22:33:25 EET 2019::Before: Name: [TOP_HAT], Balance: [345], Turn: [3], Square: [PROPERTY_SQUARE], Square Name: [Dobar]
spring.consumer.SquareConsumer::conductAction::Fri Dec 27 22:33:25 EET 2019::After: Name: [TOP_HAT], Balance: [345], Turn: [3]
spring.consumer.SquareConsumer::conductAction::Fri Dec 27 22:33:25 EET 2019::Before: Name: [BOOT], Balance: [340], Turn: [3], Square: [COMMUNITY_SQUARE], Square Name: [Default]
spring.consumer.SquareConsumer::conductAction::Fri Dec 27 22:33:25 EET 2019::After: Name: [BOOT], Balance: [440], Turn: [3]
spring.consumer.SquareConsumer::conductAction::Fri Dec 27 22:33:25 EET 2019::Before: Name: [CAT], Balance: [500], Turn: [3], Square: [REGULAR_SQUARE], Square Name: [Default]
spring.consumer.SquareConsumer::conductAction::Fri Dec 27 22:33:25 EET 2019::After: Name: [CAT], Balance: [500], Turn: [3]
spring.consumer.SquareConsumer::conductAction::Fri Dec 27 22:33:25 EET 2019::Before: Name: [WHEELBARROW], Balance: [320], Turn: [3], Square: [PROPERTY_SQUARE], Square Name: [Champs-Élysées]
spring.consumer.SquareConsumer::conductAction::Fri Dec 27 22:33:25 EET 2019::After: Name: [WHEELBARROW], Balance: [320], Turn: [3]
spring.consumer.SquareConsumer::conductAction::Fri Dec 27 22:33:25 EET 2019::Before: Name: [RACING_CAR], Balance: [450], Turn: [3], Square: [PROPERTY_SQUARE], Square Name: [Fairmont]
spring.consumer.SquareConsumer::conductAction::Fri Dec 27 22:33:25 EET 2019::After: Name: [RACING_CAR], Balance: [450], Turn: [3]
spring.consumer.SquareConsumer::conductAction::Fri Dec 27 22:33:25 EET 2019::Before: Name: [THIMBLE], Balance: [405], Turn: [3], Square: [PROPERTY_SQUARE], Square Name: [Cafe de Provence]
spring.consumer.SquareConsumer::conductAction::Fri Dec 27 22:33:25 EET 2019::After: Name: [THIMBLE], Balance: [405], Turn: [3]
spring.consumer.SquareConsumer::conductAction::Fri Dec 27 22:33:25 EET 2019::Before: Name: [TOP_HAT], Balance: [165], Turn: [4], Square: [PROPERTY_SQUARE], Square Name: [Cafe de Provence]
spring.consumer.SquareConsumer::conductAction::Fri Dec 27 22:33:25 EET 2019::After: Name: [TOP_HAT], Balance: [90], Turn: [4]
spring.consumer.SquareConsumer::conductAction::Fri Dec 27 22:33:25 EET 2019::Before: Name: [BOOT], Balance: [440], Turn: [4], Square: [REGULAR_SQUARE], Square Name: [Default]
spring.consumer.SquareConsumer::conductAction::Fri Dec 27 22:33:25 EET 2019::After: Name: [BOOT], Balance: [440], Turn: [4]
spring.consumer.SquareConsumer::conductAction::Fri Dec 27 22:33:25 EET 2019::Before: Name: [CAT], Balance: [500], Turn: [4], Square: [PROPERTY_SQUARE], Square Name: [Hiba Street]
spring.consumer.SquareConsumer::conductAction::Fri Dec 27 22:33:25 EET 2019::After: Name: [CAT], Balance: [500], Turn: [4]
spring.consumer.SquareConsumer::conductAction::Fri Dec 27 22:33:25 EET 2019::Before: Name: [WHEELBARROW], Balance: [100], Turn: [4], Square: [PROPERTY_SQUARE], Square Name: [Sofitel]
spring.consumer.SquareConsumer::conductAction::Fri Dec 27 22:33:25 EET 2019::After: Name: [WHEELBARROW], Balance: [100], Turn: [4]
spring.consumer.SquareConsumer::conductAction::Fri Dec 27 22:33:25 EET 2019::Before: Name: [RACING_CAR], Balance: [250], Turn: [4], Square: [PROPERTY_SQUARE], Square Name: [Amrutha Lounge]
spring.consumer.SquareConsumer::conductAction::Fri Dec 27 22:33:25 EET 2019::After: Name: [RACING_CAR], Balance: [250], Turn: [4]
spring.consumer.SquareConsumer::conductAction::Fri Dec 27 22:33:25 EET 2019::Before: Name: [THIMBLE], Balance: [260], Turn: [4], Square: [PROPERTY_SQUARE], Square Name: [Amrutha Lounge]
spring.consumer.SquareConsumer::conductAction::Fri Dec 27 22:33:25 EET 2019::After: Name: [THIMBLE], Balance: [260], Turn: [4]
spring.consumer.SquareConsumer::conductAction::Fri Dec 27 22:33:25 EET 2019::Before: Name: [TOP_HAT], Balance: [90], Turn: [5], Square: [REGULAR_SQUARE], Square Name: [Default]
spring.consumer.SquareConsumer::conductAction::Fri Dec 27 22:33:25 EET 2019::After: Name: [TOP_HAT], Balance: [90], Turn: [5]
spring.consumer.SquareConsumer::conductAction::Fri Dec 27 22:33:25 EET 2019::Before: Name: [BOOT], Balance: [440], Turn: [5], Square: [JAIL_SQUARE], Square Name: [Default]
spring.consumer.SquareConsumer::conductAction::Fri Dec 27 22:33:25 EET 2019::After: Name: [BOOT], Balance: [440], Turn: [5]
spring.consumer.SquareConsumer::conductAction::Fri Dec 27 22:33:25 EET 2019::Before: Name: [CAT], Balance: [260], Turn: [5], Square: [COMMUNITY_SQUARE], Square Name: [Default]
spring.consumer.SquareConsumer::conductAction::Fri Dec 27 22:33:25 EET 2019::After: Name: [CAT], Balance: [460], Turn: [5]
spring.consumer.SquareConsumer::conductAction::Fri Dec 27 22:33:25 EET 2019::Before: Name: [WHEELBARROW], Balance: [100], Turn: [5], Square: [PROPERTY_SQUARE], Square Name: [JW Marriott]
spring.consumer.SquareConsumer::conductAction::Fri Dec 27 22:33:25 EET 2019::After: Name: [WHEELBARROW], Balance: [100], Turn: [5]
spring.consumer.SquareConsumer::conductAction::Fri Dec 27 22:33:25 EET 2019::Before: Name: [RACING_CAR], Balance: [250], Turn: [5], Square: [LUCK_SQUARE], Square Name: [Default]
spring.consumer.SquareConsumer::conductAction::Fri Dec 27 22:33:25 EET 2019::After: Name: [RACING_CAR], Balance: [250], Turn: [5]
spring.consumer.SquareConsumer::conductAction::Fri Dec 27 22:33:25 EET 2019::Before: Name: [THIMBLE], Balance: [0], Turn: [5], Square: [COMMUNITY_SQUARE], Square Name: [Default]
spring.consumer.SquareConsumer::conductAction::Fri Dec 27 22:33:25 EET 2019::After: Name: [THIMBLE], Balance: [0], Turn: [5]
spring.consumer.SquareConsumer::conductAction::Fri Dec 27 22:33:25 EET 2019::Before: Name: [TOP_HAT], Balance: [90], Turn: [6], Square: [LUCK_SQUARE], Square Name: [Default]
spring.consumer.SquareConsumer::conductAction::Fri Dec 27 22:33:25 EET 2019::After: Name: [TOP_HAT], Balance: [90], Turn: [6]
spring.consumer.SquareConsumer::conductAction::Fri Dec 27 22:33:25 EET 2019::Before: Name: [CAT], Balance: [460], Turn: [6], Square: [TAX_SQUARE], Square Name: [Default]
spring.consumer.SquareConsumer::conductAction::Fri Dec 27 22:33:25 EET 2019::After: Name: [CAT], Balance: [-540], Turn: [6]
BL.BMonopolyGame::startTurn::Fri Dec 27 22:33:25 EET 2019::Player: BL.BPlayer@528c868 is eliminated Round Value: 6
spring.consumer.SquareConsumer::conductAction::Fri Dec 27 22:33:25 EET 2019::Before: Name: [RACING_CAR], Balance: [250], Turn: [6], Square: [PROPERTY_SQUARE], Square Name: [Raison D'etre]
spring.consumer.SquareConsumer::conductAction::Fri Dec 27 22:33:25 EET 2019::After: Name: [RACING_CAR], Balance: [215], Turn: [6]
spring.consumer.SquareConsumer::conductAction::Fri Dec 27 22:33:25 EET 2019::Before: Name: [THIMBLE], Balance: [0], Turn: [6], Square: [PROPERTY_SQUARE], Square Name: [Raison D'etre]
spring.consumer.SquareConsumer::conductAction::Fri Dec 27 22:33:25 EET 2019::After: Name: [THIMBLE], Balance: [-35], Turn: [6]
spring.consumer.SquareConsumer::conductAction::Fri Dec 27 22:33:25 EET 2019::Before: Name: [TOP_HAT], Balance: [160], Turn: [7], Square: [PROPERTY_SQUARE], Square Name: [Birmingham Palace]
spring.consumer.SquareConsumer::conductAction::Fri Dec 27 22:33:25 EET 2019::After: Name: [TOP_HAT], Balance: [160], Turn: [7]
spring.consumer.SquareConsumer::conductAction::Fri Dec 27 22:33:25 EET 2019::Before: Name: [WHEELBARROW], Balance: [200], Turn: [7], Square: [PROPERTY_SQUARE], Square Name: [London Shell]
spring.consumer.SquareConsumer::conductAction::Fri Dec 27 22:33:25 EET 2019::After: Name: [WHEELBARROW], Balance: [200], Turn: [7]
spring.consumer.SquareConsumer::conductAction::Fri Dec 27 22:33:25 EET 2019::Before: Name: [RACING_CAR], Balance: [215], Turn: [7], Square: [REGULAR_SQUARE], Square Name: [Default]
spring.consumer.SquareConsumer::conductAction::Fri Dec 27 22:33:25 EET 2019::After: Name: [RACING_CAR], Balance: [215], Turn: [7]
spring.consumer.SquareConsumer::conductAction::Fri Dec 27 22:33:25 EET 2019::Before: Name: [THIMBLE], Balance: [225], Turn: [7], Square: [LUCK_SQUARE], Square Name: [Default]
spring.consumer.SquareConsumer::conductAction::Fri Dec 27 22:33:25 EET 2019::After: Name: [THIMBLE], Balance: [225], Turn: [7]
spring.consumer.SquareConsumer::conductAction::Fri Dec 27 22:33:25 EET 2019::Before: Name: [TOP_HAT], Balance: [260], Turn: [8], Square: [REGULAR_SQUARE], Square Name: [Default]
spring.consumer.SquareConsumer::conductAction::Fri Dec 27 22:33:25 EET 2019::After: Name: [TOP_HAT], Balance: [260], Turn: [8]
spring.consumer.SquareConsumer::conductAction::Fri Dec 27 22:33:25 EET 2019::Before: Name: [WHEELBARROW], Balance: [80], Turn: [8], Square: [REGULAR_SQUARE], Square Name: [Default]
spring.consumer.SquareConsumer::conductAction::Fri Dec 27 22:33:25 EET 2019::After: Name: [WHEELBARROW], Balance: [80], Turn: [8]
spring.consumer.SquareConsumer::conductAction::Fri Dec 27 22:33:25 EET 2019::Before: Name: [RACING_CAR], Balance: [215], Turn: [8], Square: [REGULAR_SQUARE], Square Name: [Default]
spring.consumer.SquareConsumer::conductAction::Fri Dec 27 22:33:25 EET 2019::After: Name: [RACING_CAR], Balance: [215], Turn: [8]
spring.consumer.SquareConsumer::conductAction::Fri Dec 27 22:33:25 EET 2019::Before: Name: [THIMBLE], Balance: [225], Turn: [8], Square: [PROPERTY_SQUARE], Square Name: [Lombard Street]
spring.consumer.SquareConsumer::conductAction::Fri Dec 27 22:33:25 EET 2019::After: Name: [THIMBLE], Balance: [180], Turn: [8]
spring.consumer.SquareConsumer::conductAction::Fri Dec 27 22:33:25 EET 2019::Before: Name: [TOP_HAT], Balance: [260], Turn: [9], Square: [PROPERTY_SQUARE], Square Name: [Raison D'etre]
spring.consumer.SquareConsumer::conductAction::Fri Dec 27 22:33:25 EET 2019::After: Name: [TOP_HAT], Balance: [260], Turn: [9]
spring.consumer.SquareConsumer::conductAction::Fri Dec 27 22:33:25 EET 2019::Before: Name: [BOOT], Balance: [-115], Turn: [6], Square: [TAX_SQUARE], Square Name: [Default]
spring.consumer.SquareConsumer::conductAction::Fri Dec 27 22:33:25 EET 2019::After: Name: [BOOT], Balance: [-1115], Turn: [6]
BL.BMonopolyGame::startTurn::Fri Dec 27 22:33:25 EET 2019::Player: BL.BPlayer@4758820d is eliminated Round Value: 6
spring.consumer.SquareConsumer::conductAction::Fri Dec 27 22:33:25 EET 2019::Before: Name: [WHEELBARROW], Balance: [80], Turn: [9], Square: [PROPERTY_SQUARE], Square Name: [Hiba Street]
spring.consumer.SquareConsumer::conductAction::Fri Dec 27 22:33:25 EET 2019::After: Name: [WHEELBARROW], Balance: [80], Turn: [9]
spring.consumer.SquareConsumer::conductAction::Fri Dec 27 22:33:25 EET 2019::Before: Name: [RACING_CAR], Balance: [215], Turn: [9], Square: [LUCK_SQUARE], Square Name: [Default]
spring.consumer.SquareConsumer::conductAction::Fri Dec 27 22:33:25 EET 2019::After: Name: [RACING_CAR], Balance: [215], Turn: [9]
spring.consumer.SquareConsumer::conductAction::Fri Dec 27 22:33:25 EET 2019::Before: Name: [THIMBLE], Balance: [180], Turn: [9], Square: [PROPERTY_SQUARE], Square Name: [Fairmont]
spring.consumer.SquareConsumer::conductAction::Fri Dec 27 22:33:25 EET 2019::After: Name: [THIMBLE], Balance: [115], Turn: [9]
spring.consumer.SquareConsumer::conductAction::Fri Dec 27 22:33:25 EET 2019::Before: Name: [TOP_HAT], Balance: [260], Turn: [10], Square: [REGULAR_SQUARE], Square Name: [Default]
spring.consumer.SquareConsumer::conductAction::Fri Dec 27 22:33:25 EET 2019::After: Name: [TOP_HAT], Balance: [260], Turn: [10]
spring.consumer.SquareConsumer::conductAction::Fri Dec 27 22:33:25 EET 2019::Before: Name: [WHEELBARROW], Balance: [80], Turn: [10], Square: [COMMUNITY_SQUARE], Square Name: [Default]
spring.consumer.SquareConsumer::conductAction::Fri Dec 27 22:33:25 EET 2019::After: Name: [WHEELBARROW], Balance: [180], Turn: [10]
spring.consumer.SquareConsumer::conductAction::Fri Dec 27 22:33:25 EET 2019::Before: Name: [THIMBLE], Balance: [115], Turn: [10], Square: [PROPERTY_SQUARE], Square Name: [Sofitel]
spring.consumer.SquareConsumer::conductAction::Fri Dec 27 22:33:25 EET 2019::After: Name: [THIMBLE], Balance: [115], Turn: [10]
spring.consumer.SquareConsumer::conductAction::Fri Dec 27 22:33:25 EET 2019::Before: Name: [TOP_HAT], Balance: [260], Turn: [11], Square: [PROPERTY_SQUARE], Square Name: [Sofitel]
spring.consumer.SquareConsumer::conductAction::Fri Dec 27 22:33:25 EET 2019::After: Name: [TOP_HAT], Balance: [260], Turn: [11]
spring.consumer.SquareConsumer::conductAction::Fri Dec 27 22:33:25 EET 2019::Before: Name: [WHEELBARROW], Balance: [280], Turn: [11], Square: [COMMUNITY_SQUARE], Square Name: [Default]
spring.consumer.SquareConsumer::conductAction::Fri Dec 27 22:33:25 EET 2019::After: Name: [WHEELBARROW], Balance: [330], Turn: [11]
spring.consumer.SquareConsumer::conductAction::Fri Dec 27 22:33:26 EET 2019::Before: Name: [RACING_CAR], Balance: [380], Turn: [11], Square: [PROPERTY_SQUARE], Square Name: [Southwark Cathedral]
spring.consumer.SquareConsumer::conductAction::Fri Dec 27 22:33:26 EET 2019::After: Name: [RACING_CAR], Balance: [380], Turn: [11]
spring.consumer.SquareConsumer::conductAction::Fri Dec 27 22:33:26 EET 2019::Before: Name: [THIMBLE], Balance: [115], Turn: [11], Square: [LUCK_SQUARE], Square Name: [Default]
spring.consumer.SquareConsumer::conductAction::Fri Dec 27 22:33:26 EET 2019::After: Name: [THIMBLE], Balance: [115], Turn: [11]
spring.consumer.SquareConsumer::conductAction::Fri Dec 27 22:33:26 EET 2019::Before: Name: [TOP_HAT], Balance: [260], Turn: [12], Square: [PROPERTY_SQUARE], Square Name: [JW Marriott]
spring.consumer.SquareConsumer::conductAction::Fri Dec 27 22:33:26 EET 2019::After: Name: [TOP_HAT], Balance: [260], Turn: [12]
spring.consumer.SquareConsumer::conductAction::Fri Dec 27 22:33:26 EET 2019::Before: Name: [WHEELBARROW], Balance: [330], Turn: [12], Square: [PROPERTY_SQUARE], Square Name: [Raison D'etre]
spring.consumer.SquareConsumer::conductAction::Fri Dec 27 22:33:26 EET 2019::After: Name: [WHEELBARROW], Balance: [295], Turn: [12]
spring.consumer.SquareConsumer::conductAction::Fri Dec 27 22:33:26 EET 2019::Before: Name: [RACING_CAR], Balance: [240], Turn: [12], Square: [REGULAR_SQUARE], Square Name: [Default]
spring.consumer.SquareConsumer::conductAction::Fri Dec 27 22:33:26 EET 2019::After: Name: [RACING_CAR], Balance: [240], Turn: [12]
spring.consumer.SquareConsumer::conductAction::Fri Dec 27 22:33:26 EET 2019::Before: Name: [THIMBLE], Balance: [215], Turn: [12], Square: [COMMUNITY_SQUARE], Square Name: [Default]
spring.consumer.SquareConsumer::conductAction::Fri Dec 27 22:33:26 EET 2019::After: Name: [THIMBLE], Balance: [215], Turn: [12]
spring.consumer.SquareConsumer::conductAction::Fri Dec 27 22:33:26 EET 2019::Before: Name: [TOP_HAT], Balance: [395], Turn: [13], Square: [PROPERTY_SQUARE], Square Name: [Abbey Road]
spring.consumer.SquareConsumer::conductAction::Fri Dec 27 22:33:26 EET 2019::After: Name: [TOP_HAT], Balance: [390], Turn: [13]
spring.consumer.SquareConsumer::conductAction::Fri Dec 27 22:33:26 EET 2019::Before: Name: [WHEELBARROW], Balance: [295], Turn: [13], Square: [REGULAR_SQUARE], Square Name: [Default]
spring.consumer.SquareConsumer::conductAction::Fri Dec 27 22:33:26 EET 2019::After: Name: [WHEELBARROW], Balance: [295], Turn: [13]
spring.consumer.SquareConsumer::conductAction::Fri Dec 27 22:33:26 EET 2019::Before: Name: [RACING_CAR], Balance: [240], Turn: [13], Square: [REGULAR_SQUARE], Square Name: [Default]
spring.consumer.SquareConsumer::conductAction::Fri Dec 27 22:33:26 EET 2019::After: Name: [RACING_CAR], Balance: [240], Turn: [13]
spring.consumer.SquareConsumer::conductAction::Fri Dec 27 22:33:26 EET 2019::Before: Name: [THIMBLE], Balance: [220], Turn: [13], Square: [PROPERTY_SQUARE], Square Name: [Ginza]
spring.consumer.SquareConsumer::conductAction::Fri Dec 27 22:33:26 EET 2019::After: Name: [THIMBLE], Balance: [220], Turn: [13]
spring.consumer.SquareConsumer::conductAction::Fri Dec 27 22:33:26 EET 2019::Before: Name: [TOP_HAT], Balance: [390], Turn: [14], Square: [REGULAR_SQUARE], Square Name: [Default]
spring.consumer.SquareConsumer::conductAction::Fri Dec 27 22:33:26 EET 2019::After: Name: [TOP_HAT], Balance: [390], Turn: [14]
spring.consumer.SquareConsumer::conductAction::Fri Dec 27 22:33:26 EET 2019::Before: Name: [WHEELBARROW], Balance: [295], Turn: [14], Square: [PROPERTY_SQUARE], Square Name: [Hiba Street]
spring.consumer.SquareConsumer::conductAction::Fri Dec 27 22:33:26 EET 2019::After: Name: [WHEELBARROW], Balance: [295], Turn: [14]
spring.consumer.SquareConsumer::conductAction::Fri Dec 27 22:33:26 EET 2019::Before: Name: [RACING_CAR], Balance: [240], Turn: [14], Square: [PROPERTY_SQUARE], Square Name: [Peninsula]
spring.consumer.SquareConsumer::conductAction::Fri Dec 27 22:33:26 EET 2019::After: Name: [RACING_CAR], Balance: [240], Turn: [14]
spring.consumer.SquareConsumer::conductAction::Fri Dec 27 22:33:26 EET 2019::Before: Name: [THIMBLE], Balance: [120], Turn: [14], Square: [PROPERTY_SQUARE], Square Name: [Lombard Street]
spring.consumer.SquareConsumer::conductAction::Fri Dec 27 22:33:26 EET 2019::After: Name: [THIMBLE], Balance: [120], Turn: [14]
spring.consumer.SquareConsumer::conductAction::Fri Dec 27 22:33:26 EET 2019::Before: Name: [TOP_HAT], Balance: [390], Turn: [15], Square: [REGULAR_SQUARE], Square Name: [Default]
spring.consumer.SquareConsumer::conductAction::Fri Dec 27 22:33:26 EET 2019::After: Name: [TOP_HAT], Balance: [390], Turn: [15]
spring.consumer.SquareConsumer::conductAction::Fri Dec 27 22:33:26 EET 2019::Before: Name: [WHEELBARROW], Balance: [55], Turn: [15], Square: [PROPERTY_SQUARE], Square Name: [Fifth Avenue]
spring.consumer.SquareConsumer::conductAction::Fri Dec 27 22:33:26 EET 2019::After: Name: [WHEELBARROW], Balance: [55], Turn: [15]
spring.consumer.SquareConsumer::conductAction::Fri Dec 27 22:33:26 EET 2019::Before: Name: [RACING_CAR], Balance: [240], Turn: [15], Square: [LUCK_SQUARE], Square Name: [Default]
spring.consumer.SquareConsumer::conductAction::Fri Dec 27 22:33:26 EET 2019::After: Name: [RACING_CAR], Balance: [340], Turn: [15]
spring.consumer.SquareConsumer::conductAction::Fri Dec 27 22:33:26 EET 2019::Before: Name: [THIMBLE], Balance: [120], Turn: [15], Square: [PROPERTY_SQUARE], Square Name: [Fairmont]
spring.consumer.SquareConsumer::conductAction::Fri Dec 27 22:33:26 EET 2019::After: Name: [THIMBLE], Balance: [55], Turn: [15]
spring.consumer.SquareConsumer::conductAction::Fri Dec 27 22:33:26 EET 2019::Before: Name: [TOP_HAT], Balance: [390], Turn: [16], Square: [PROPERTY_SQUARE], Square Name: [Champs-Élysées]
spring.consumer.SquareConsumer::conductAction::Fri Dec 27 22:33:26 EET 2019::After: Name: [TOP_HAT], Balance: [315], Turn: [16]
spring.consumer.SquareConsumer::conductAction::Fri Dec 27 22:33:26 EET 2019::Before: Name: [WHEELBARROW], Balance: [130], Turn: [16], Square: [PROPERTY_SQUARE], Square Name: [Dakota Bar]
spring.consumer.SquareConsumer::conductAction::Fri Dec 27 22:33:26 EET 2019::After: Name: [WHEELBARROW], Balance: [130], Turn: [16]
spring.consumer.SquareConsumer::conductAction::Fri Dec 27 22:33:26 EET 2019::Before: Name: [RACING_CAR], Balance: [505], Turn: [16], Square: [PROPERTY_SQUARE], Square Name: [Ginza]
spring.consumer.SquareConsumer::conductAction::Fri Dec 27 22:33:26 EET 2019::After: Name: [RACING_CAR], Balance: [490], Turn: [16]
spring.consumer.SquareConsumer::conductAction::Fri Dec 27 22:33:26 EET 2019::Before: Name: [THIMBLE], Balance: [70], Turn: [16], Square: [PROPERTY_SQUARE], Square Name: [Amrutha Lounge]
spring.consumer.SquareConsumer::conductAction::Fri Dec 27 22:33:26 EET 2019::After: Name: [THIMBLE], Balance: [70], Turn: [16]
spring.consumer.SquareConsumer::conductAction::Fri Dec 27 22:33:26 EET 2019::Before: Name: [TOP_HAT], Balance: [315], Turn: [17], Square: [PROPERTY_SQUARE], Square Name: [Dakota Bar]
spring.consumer.SquareConsumer::conductAction::Fri Dec 27 22:33:26 EET 2019::After: Name: [TOP_HAT], Balance: [315], Turn: [17]
spring.consumer.SquareConsumer::conductAction::Fri Dec 27 22:33:26 EET 2019::Before: Name: [WHEELBARROW], Balance: [130], Turn: [17], Square: [PROPERTY_SQUARE], Square Name: [Birmingham Palace]
spring.consumer.SquareConsumer::conductAction::Fri Dec 27 22:33:26 EET 2019::After: Name: [WHEELBARROW], Balance: [130], Turn: [17]
spring.consumer.SquareConsumer::conductAction::Fri Dec 27 22:33:26 EET 2019::Before: Name: [RACING_CAR], Balance: [490], Turn: [17], Square: [PROPERTY_SQUARE], Square Name: [Lombard Street]
spring.consumer.SquareConsumer::conductAction::Fri Dec 27 22:33:26 EET 2019::After: Name: [RACING_CAR], Balance: [490], Turn: [17]
spring.consumer.SquareConsumer::conductAction::Fri Dec 27 22:33:26 EET 2019::Before: Name: [THIMBLE], Balance: [70], Turn: [17], Square: [REGULAR_SQUARE], Square Name: [Default]
spring.consumer.SquareConsumer::conductAction::Fri Dec 27 22:33:26 EET 2019::After: Name: [THIMBLE], Balance: [70], Turn: [17]
spring.consumer.SquareConsumer::conductAction::Fri Dec 27 22:33:26 EET 2019::Before: Name: [TOP_HAT], Balance: [15], Turn: [18], Square: [TAX_SQUARE], Square Name: [Default]
spring.consumer.SquareConsumer::conductAction::Fri Dec 27 22:33:26 EET 2019::After: Name: [TOP_HAT], Balance: [-985], Turn: [18]
BL.BMonopolyGame::startTurn::Fri Dec 27 22:33:26 EET 2019::Player: BL.BPlayer@efde75f is eliminated Round Value: 18
spring.consumer.SquareConsumer::conductAction::Fri Dec 27 22:33:26 EET 2019::Before: Name: [WHEELBARROW], Balance: [230], Turn: [18], Square: [PROPERTY_SQUARE], Square Name: [Ginza]
spring.consumer.SquareConsumer::conductAction::Fri Dec 27 22:33:26 EET 2019::After: Name: [WHEELBARROW], Balance: [215], Turn: [18]
spring.consumer.SquareConsumer::conductAction::Fri Dec 27 22:33:26 EET 2019::Before: Name: [RACING_CAR], Balance: [330], Turn: [18], Square: [PROPERTY_SQUARE], Square Name: [Fairmont]
spring.consumer.SquareConsumer::conductAction::Fri Dec 27 22:33:26 EET 2019::After: Name: [RACING_CAR], Balance: [330], Turn: [18]
spring.consumer.SquareConsumer::conductAction::Fri Dec 27 22:33:26 EET 2019::Before: Name: [THIMBLE], Balance: [185], Turn: [18], Square: [PROPERTY_SQUARE], Square Name: [Kennington Lane Cafe]
spring.consumer.SquareConsumer::conductAction::Fri Dec 27 22:33:26 EET 2019::After: Name: [THIMBLE], Balance: [185], Turn: [18]
spring.consumer.SquareConsumer::conductAction::Fri Dec 27 22:33:26 EET 2019::Before: Name: [WHEELBARROW], Balance: [215], Turn: [19], Square: [PROPERTY_SQUARE], Square Name: [Raison D'etre]
spring.consumer.SquareConsumer::conductAction::Fri Dec 27 22:33:26 EET 2019::After: Name: [WHEELBARROW], Balance: [215], Turn: [19]
spring.consumer.SquareConsumer::conductAction::Fri Dec 27 22:33:26 EET 2019::Before: Name: [RACING_CAR], Balance: [330], Turn: [19], Square: [PROPERTY_SQUARE], Square Name: [Champs-Élysées]
spring.consumer.SquareConsumer::conductAction::Fri Dec 27 22:33:26 EET 2019::After: Name: [RACING_CAR], Balance: [255], Turn: [19]
spring.consumer.SquareConsumer::conductAction::Fri Dec 27 22:33:26 EET 2019::Before: Name: [THIMBLE], Balance: [125], Turn: [19], Square: [PROPERTY_SQUARE], Square Name: [London Shell]
spring.consumer.SquareConsumer::conductAction::Fri Dec 27 22:33:26 EET 2019::After: Name: [THIMBLE], Balance: [100], Turn: [19]
spring.consumer.SquareConsumer::conductAction::Fri Dec 27 22:33:26 EET 2019::Before: Name: [WHEELBARROW], Balance: [175], Turn: [20], Square: [PROPERTY_SQUARE], Square Name: [Cafe de Provence]
spring.consumer.SquareConsumer::conductAction::Fri Dec 27 22:33:26 EET 2019::After: Name: [WHEELBARROW], Balance: [100], Turn: [20]
spring.consumer.SquareConsumer::conductAction::Fri Dec 27 22:33:26 EET 2019::Before: Name: [RACING_CAR], Balance: [255], Turn: [20], Square: [PROPERTY_SQUARE], Square Name: [Peninsula]
spring.consumer.SquareConsumer::conductAction::Fri Dec 27 22:33:26 EET 2019::After: Name: [RACING_CAR], Balance: [255], Turn: [20]
spring.consumer.SquareConsumer::conductAction::Fri Dec 27 22:33:26 EET 2019::Before: Name: [THIMBLE], Balance: [175], Turn: [20], Square: [PROPERTY_SQUARE], Square Name: [Lombard Street]
spring.consumer.SquareConsumer::conductAction::Fri Dec 27 22:33:26 EET 2019::After: Name: [THIMBLE], Balance: [130], Turn: [20]
spring.consumer.SquareConsumer::conductAction::Fri Dec 27 22:33:26 EET 2019::Before: Name: [WHEELBARROW], Balance: [100], Turn: [21], Square: [JAIL_SQUARE], Square Name: [Default]
spring.consumer.SquareConsumer::conductAction::Fri Dec 27 22:33:26 EET 2019::After: Name: [WHEELBARROW], Balance: [100], Turn: [21]
spring.consumer.SquareConsumer::conductAction::Fri Dec 27 22:33:26 EET 2019::Before: Name: [RACING_CAR], Balance: [300], Turn: [21], Square: [PROPERTY_SQUARE], Square Name: [Walk of Fame]
spring.consumer.SquareConsumer::conductAction::Fri Dec 27 22:33:26 EET 2019::After: Name: [RACING_CAR], Balance: [300], Turn: [21]
spring.consumer.SquareConsumer::conductAction::Fri Dec 27 22:33:26 EET 2019::Before: Name: [THIMBLE], Balance: [130], Turn: [21], Square: [COMMUNITY_SQUARE], Square Name: [Default]
spring.consumer.SquareConsumer::conductAction::Fri Dec 27 22:33:26 EET 2019::After: Name: [THIMBLE], Balance: [80], Turn: [21]
spring.consumer.SquareConsumer::conductAction::Fri Dec 27 22:33:26 EET 2019::Before: Name: [RACING_CAR], Balance: [400], Turn: [22], Square: [TAX_SQUARE], Square Name: [Default]
spring.consumer.SquareConsumer::conductAction::Fri Dec 27 22:33:26 EET 2019::After: Name: [RACING_CAR], Balance: [-600], Turn: [22]
BL.BMonopolyGame::startTurn::Fri Dec 27 22:33:26 EET 2019::Player: BL.BPlayer@2a3591c5 is eliminated Round Value: 22
spring.consumer.SquareConsumer::conductAction::Fri Dec 27 22:33:26 EET 2019::Before: Name: [THIMBLE], Balance: [80], Turn: [22], Square: [PROPERTY_SQUARE], Square Name: [Champs-Élysées]
spring.consumer.SquareConsumer::conductAction::Fri Dec 27 22:33:26 EET 2019::After: Name: [THIMBLE], Balance: [5], Turn: [22]
spring.consumer.SquareConsumer::conductAction::Fri Dec 27 22:33:26 EET 2019::Before: Name: [THIMBLE], Balance: [5], Turn: [23], Square: [JAIL_SQUARE], Square Name: [Default]
spring.consumer.SquareConsumer::conductAction::Fri Dec 27 22:33:26 EET 2019::After: Name: [THIMBLE], Balance: [5], Turn: [23]
spring.consumer.SquareConsumer::conductAction::Fri Dec 27 22:33:26 EET 2019::Before: Name: [WHEELBARROW], Balance: [-425], Turn: [22], Square: [TAX_SQUARE], Square Name: [Default]
spring.consumer.SquareConsumer::conductAction::Fri Dec 27 22:33:26 EET 2019::After: Name: [WHEELBARROW], Balance: [-1425], Turn: [22]
BL.BMonopolyGame::startTurn::Fri Dec 27 22:33:26 EET 2019::Player: BL.BPlayer@2c1b9e4b is eliminated Round Value: 22
BL.BMonopolyGame::listen::Fri Dec 27 22:33:27 EET 2019::Game is finished.
BL.BMonopolyGame::listen::Fri Dec 27 22:33:27 EET 2019::Winner: [THIMBLE]
